2020-05-01 18:01:35,426 WARN [geoserver.config] - Error reading resource URL [jar:file:/usr/local/tomcat/webapps/geoserver/WEB-INF/lib/gs-geofence-server-2.15.1.jar!/geofence-default-override.properties]
java.io.FileNotFoundException: URL [jar:file:/usr/local/tomcat/webapps/geoserver/WEB-INF/lib/gs-geofence-server-2.15.1.jar!/geofence-default-override.properties] cannot be resolved to absolute file path because it does not reside in the file system: jar:file:/usr/local/tomcat/webapps/geoserver/WEB-INF/lib/gs-geofence-server-2.15.1.jar!/geofence-default-override.properties
	at org.springframework.util.ResourceUtils.getFile(ResourceUtils.java:217)
	at org.springframework.core.io.AbstractFileResolvingResource.getFile(AbstractFileResolvingResource.java:154)
	at org.springframework.core.io.UrlResource.getFile(UrlResource.java:227)
	at org.geoserver.config.SpringResourceAdaptor.relative(SpringResourceAdaptor.java:35)
	at org.geoserver.config.GeoServerPropertyOverrideConfigurer.setLocations(GeoServerPropertyOverrideConfigurer.java:49)
	at sun.reflect.NativeMethodAccessorImpl.invoke0(Native Method)
	at sun.reflect.NativeMethodAccessorImpl.invoke(NativeMethodAccessorImpl.java:62)
	at sun.reflect.DelegatingMethodAccessorImpl.invoke(DelegatingMethodAccessorImpl.java:43)
	at java.lang.reflect.Method.invoke(Method.java:498)
	at org.springframework.beans.BeanWrapperImpl$BeanPropertyHandler.setValue(BeanWrapperImpl.java:332)
	at org.springframework.beans.AbstractNestablePropertyAccessor.processLocalProperty(AbstractNestablePropertyAccessor.java:458)
	at org.springframework.beans.AbstractNestablePropertyAccessor.setPropertyValue(AbstractNestablePropertyAccessor.java:278)
	at org.springframework.beans.AbstractNestablePropertyAccessor.setPropertyValue(AbstractNestablePropertyAccessor.java:266)
	at org.springframework.beans.AbstractPropertyAccessor.setPropertyValues(AbstractPropertyAccessor.java:97)
	at org.springframework.beans.AbstractPropertyAccessor.setPropertyValues(AbstractPropertyAccessor.java:77)
	at org.springframework.beans.factory.support.AbstractAutowireCapableBeanFactory.applyPropertyValues(AbstractAutowireCapableBeanFactory.java:1698)
	at org.springframework.beans.factory.support.AbstractAutowireCapableBeanFactory.populateBean(AbstractAutowireCapableBeanFactory.java:1417)
	at org.springframework.beans.factory.support.AbstractAutowireCapableBeanFactory.doCreateBean(AbstractAutowireCapableBeanFactory.java:592)
	at org.springframework.beans.factory.support.AbstractAutowireCapableBeanFactory.createBean(AbstractAutowireCapableBeanFactory.java:515)
	at org.springframework.beans.factory.support.AbstractBeanFactory.lambda$doGetBean$0(AbstractBeanFactory.java:320)
	at org.springframework.beans.factory.support.DefaultSingletonBeanRegistry.getSingleton(DefaultSingletonBeanRegistry.java:222)
	at org.springframework.beans.factory.support.AbstractBeanFactory.doGetBean(AbstractBeanFactory.java:318)
	at org.springframework.beans.factory.support.AbstractBeanFactory.getBean(AbstractBeanFactory.java:204)
	at org.springframework.context.support.PostProcessorRegistrationDelegate.invokeBeanFactoryPostProcessors(PostProcessorRegistrationDelegate.java:154)
	at org.springframework.context.support.AbstractApplicationContext.invokeBeanFactoryPostProcessors(AbstractApplicationContext.java:705)
	at org.springframework.context.support.AbstractApplicationContext.refresh(AbstractApplicationContext.java:531)
	at org.springframework.web.context.ContextLoader.configureAndRefreshWebApplicationContext(ContextLoader.java:400)
	at org.springframework.web.context.ContextLoader.initWebApplicationContext(ContextLoader.java:291)
	at org.springframework.web.context.ContextLoaderListener.contextInitialized(ContextLoaderListener.java:103)
	at org.geoserver.platform.GeoServerContextLoaderListener.contextInitialized(GeoServerContextLoaderListener.java:22)
	at org.apache.catalina.core.StandardContext.listenerStart(StandardContext.java:4682)
	at org.apache.catalina.core.StandardContext.startInternal(StandardContext.java:5150)
	at org.apache.catalina.util.LifecycleBase.start(LifecycleBase.java:183)
	at org.apache.catalina.core.ContainerBase.addChildInternal(ContainerBase.java:713)
	at org.apache.catalina.core.ContainerBase.addChild(ContainerBase.java:690)
	at org.apache.catalina.core.StandardHost.addChild(StandardHost.java:705)
	at org.apache.catalina.startup.HostConfig.deployDirectory(HostConfig.java:1133)
	at org.apache.catalina.startup.HostConfig$DeployDirectory.run(HostConfig.java:1867)
	at java.util.concurrent.Executors$RunnableAdapter.call(Executors.java:511)
	at java.util.concurrent.FutureTask.run(FutureTask.java:266)
	at org.apache.tomcat.util.threads.InlineExecutorService.execute(InlineExecutorService.java:75)
	at java.util.concurrent.AbstractExecutorService.submit(AbstractExecutorService.java:112)
	at org.apache.catalina.startup.HostConfig.deployDirectories(HostConfig.java:1045)
	at org.apache.catalina.startup.HostConfig.deployApps(HostConfig.java:429)
	at org.apache.catalina.startup.HostConfig.start(HostConfig.java:1576)
	at org.apache.catalina.startup.HostConfig.lifecycleEvent(HostConfig.java:309)
	at org.apache.catalina.util.LifecycleBase.fireLifecycleEvent(LifecycleBase.java:123)
	at org.apache.catalina.util.LifecycleBase.setStateInternal(LifecycleBase.java:423)
	at org.apache.catalina.util.LifecycleBase.setState(LifecycleBase.java:366)
	at org.apache.catalina.core.ContainerBase.startInternal(ContainerBase.java:929)
	at org.apache.catalina.core.StandardHost.startInternal(StandardHost.java:841)
	at org.apache.catalina.util.LifecycleBase.start(LifecycleBase.java:183)
	at org.apache.catalina.core.ContainerBase$StartChild.call(ContainerBase.java:1377)
	at org.apache.catalina.core.ContainerBase$StartChild.call(ContainerBase.java:1367)
	at java.util.concurrent.FutureTask.run(FutureTask.java:266)
	at org.apache.tomcat.util.threads.InlineExecutorService.execute(InlineExecutorService.java:75)
	at java.util.concurrent.AbstractExecutorService.submit(AbstractExecutorService.java:134)
	at org.apache.catalina.core.ContainerBase.startInternal(ContainerBase.java:902)
	at org.apache.catalina.core.StandardEngine.startInternal(StandardEngine.java:262)
	at org.apache.catalina.util.LifecycleBase.start(LifecycleBase.java:183)
	at org.apache.catalina.core.StandardService.startInternal(StandardService.java:421)
	at org.apache.catalina.util.LifecycleBase.start(LifecycleBase.java:183)
	at org.apache.catalina.core.StandardServer.startInternal(StandardServer.java:932)
	at org.apache.catalina.util.LifecycleBase.start(LifecycleBase.java:183)
	at org.apache.catalina.startup.Catalina.start(Catalina.java:633)
	at sun.reflect.NativeMethodAccessorImpl.invoke0(Native Method)
	at sun.reflect.NativeMethodAccessorImpl.invoke(NativeMethodAccessorImpl.java:62)
	at sun.reflect.DelegatingMethodAccessorImpl.invoke(DelegatingMethodAccessorImpl.java:43)
	at java.lang.reflect.Method.invoke(Method.java:498)
	at org.apache.catalina.startup.Bootstrap.start(Bootstrap.java:344)
	at org.apache.catalina.startup.Bootstrap.main(Bootstrap.java:475)
2020-05-01 18:01:35,811 WARN [geoserver.monitor] - monitoring storage memory not found, falling back to 'memory'
2020-05-01 18:01:38,257 WARN [ejb.Ejb3Configuration] - hibernate.connection.autocommit = false break the EJB3 specification
2020-05-01 18:01:38,325 WARN [dialect.H2Dialect] - The 1.1.119 version of H2 implements temporary table creation such that it commits current transaction; multi-table, bulk hql/jpaql will not work properly
2020-05-01 18:01:38,745 WARN [dialect.H2Dialect] - The 1.1.119 version of H2 implements temporary table creation such that it commits current transaction; multi-table, bulk hql/jpaql will not work properly
2020-05-01 18:01:39,045 WARN [cache.EhCacheProvider] - Could not find configuration [RuleLimits]; using defaults.
2020-05-01 18:01:39,125 WARN [cache.EhCacheProvider] - Could not find configuration [Rule]; using defaults.
2020-05-01 18:01:39,141 WARN [cache.EhCacheProvider] - Could not find configuration [usergroup]; using defaults.
2020-05-01 18:01:39,152 WARN [cache.EhCacheProvider] - Could not find configuration [GSUser]; using defaults.
2020-05-01 18:01:39,169 WARN [cache.EhCacheProvider] - Could not find configuration [GFUser]; using defaults.
2020-05-01 18:01:39,181 WARN [cache.EhCacheProvider] - Could not find configuration [gsinstance]; using defaults.
2020-05-01 18:01:39,196 WARN [cache.EhCacheProvider] - Could not find configuration [LayerDetails]; using defaults.
2020-05-01 18:01:43,479 WARN [platform.resource] - There is code leaving resource input streams open, locks around them might not be cleared! Add -Dgs.lock.trace=true to your JVM options to get a full stack trace of the code that acquired the input stream
2020-05-01 18:01:58,615 WARN [auth.GeoFenceAuthenticationProvider] - INIT FROM CONFIG
2020-05-01 18:21:42,606 WARN [geoserver.config] - Error reading resource URL [jar:file:/usr/local/tomcat/webapps/geoserver/WEB-INF/lib/gs-geofence-server-2.15.1.jar!/geofence-default-override.properties]
java.io.FileNotFoundException: URL [jar:file:/usr/local/tomcat/webapps/geoserver/WEB-INF/lib/gs-geofence-server-2.15.1.jar!/geofence-default-override.properties] cannot be resolved to absolute file path because it does not reside in the file system: jar:file:/usr/local/tomcat/webapps/geoserver/WEB-INF/lib/gs-geofence-server-2.15.1.jar!/geofence-default-override.properties
	at org.springframework.util.ResourceUtils.getFile(ResourceUtils.java:217)
	at org.springframework.core.io.AbstractFileResolvingResource.getFile(AbstractFileResolvingResource.java:154)
	at org.springframework.core.io.UrlResource.getFile(UrlResource.java:227)
	at org.geoserver.config.SpringResourceAdaptor.relative(SpringResourceAdaptor.java:35)
	at org.geoserver.config.GeoServerPropertyOverrideConfigurer.setLocations(GeoServerPropertyOverrideConfigurer.java:49)
	at sun.reflect.NativeMethodAccessorImpl.invoke0(Native Method)
	at sun.reflect.NativeMethodAccessorImpl.invoke(NativeMethodAccessorImpl.java:62)
	at sun.reflect.DelegatingMethodAccessorImpl.invoke(DelegatingMethodAccessorImpl.java:43)
	at java.lang.reflect.Method.invoke(Method.java:498)
	at org.springframework.beans.BeanWrapperImpl$BeanPropertyHandler.setValue(BeanWrapperImpl.java:332)
	at org.springframework.beans.AbstractNestablePropertyAccessor.processLocalProperty(AbstractNestablePropertyAccessor.java:458)
	at org.springframework.beans.AbstractNestablePropertyAccessor.setPropertyValue(AbstractNestablePropertyAccessor.java:278)
	at org.springframework.beans.AbstractNestablePropertyAccessor.setPropertyValue(AbstractNestablePropertyAccessor.java:266)
	at org.springframework.beans.AbstractPropertyAccessor.setPropertyValues(AbstractPropertyAccessor.java:97)
	at org.springframework.beans.AbstractPropertyAccessor.setPropertyValues(AbstractPropertyAccessor.java:77)
	at org.springframework.beans.factory.support.AbstractAutowireCapableBeanFactory.applyPropertyValues(AbstractAutowireCapableBeanFactory.java:1698)
	at org.springframework.beans.factory.support.AbstractAutowireCapableBeanFactory.populateBean(AbstractAutowireCapableBeanFactory.java:1417)
	at org.springframework.beans.factory.support.AbstractAutowireCapableBeanFactory.doCreateBean(AbstractAutowireCapableBeanFactory.java:592)
	at org.springframework.beans.factory.support.AbstractAutowireCapableBeanFactory.createBean(AbstractAutowireCapableBeanFactory.java:515)
	at org.springframework.beans.factory.support.AbstractBeanFactory.lambda$doGetBean$0(AbstractBeanFactory.java:320)
	at org.springframework.beans.factory.support.DefaultSingletonBeanRegistry.getSingleton(DefaultSingletonBeanRegistry.java:222)
	at org.springframework.beans.factory.support.AbstractBeanFactory.doGetBean(AbstractBeanFactory.java:318)
	at org.springframework.beans.factory.support.AbstractBeanFactory.getBean(AbstractBeanFactory.java:204)
	at org.springframework.context.support.PostProcessorRegistrationDelegate.invokeBeanFactoryPostProcessors(PostProcessorRegistrationDelegate.java:154)
	at org.springframework.context.support.AbstractApplicationContext.invokeBeanFactoryPostProcessors(AbstractApplicationContext.java:705)
	at org.springframework.context.support.AbstractApplicationContext.refresh(AbstractApplicationContext.java:531)
	at org.springframework.web.context.ContextLoader.configureAndRefreshWebApplicationContext(ContextLoader.java:400)
	at org.springframework.web.context.ContextLoader.initWebApplicationContext(ContextLoader.java:291)
	at org.springframework.web.context.ContextLoaderListener.contextInitialized(ContextLoaderListener.java:103)
	at org.geoserver.platform.GeoServerContextLoaderListener.contextInitialized(GeoServerContextLoaderListener.java:22)
	at org.apache.catalina.core.StandardContext.listenerStart(StandardContext.java:4682)
	at org.apache.catalina.core.StandardContext.startInternal(StandardContext.java:5150)
	at org.apache.catalina.util.LifecycleBase.start(LifecycleBase.java:183)
	at org.apache.catalina.core.ContainerBase.addChildInternal(ContainerBase.java:713)
	at org.apache.catalina.core.ContainerBase.addChild(ContainerBase.java:690)
	at org.apache.catalina.core.StandardHost.addChild(StandardHost.java:705)
	at org.apache.catalina.startup.HostConfig.deployDirectory(HostConfig.java:1133)
	at org.apache.catalina.startup.HostConfig$DeployDirectory.run(HostConfig.java:1867)
	at java.util.concurrent.Executors$RunnableAdapter.call(Executors.java:511)
	at java.util.concurrent.FutureTask.run(FutureTask.java:266)
	at org.apache.tomcat.util.threads.InlineExecutorService.execute(InlineExecutorService.java:75)
	at java.util.concurrent.AbstractExecutorService.submit(AbstractExecutorService.java:112)
	at org.apache.catalina.startup.HostConfig.deployDirectories(HostConfig.java:1045)
	at org.apache.catalina.startup.HostConfig.deployApps(HostConfig.java:429)
	at org.apache.catalina.startup.HostConfig.start(HostConfig.java:1576)
	at org.apache.catalina.startup.HostConfig.lifecycleEvent(HostConfig.java:309)
	at org.apache.catalina.util.LifecycleBase.fireLifecycleEvent(LifecycleBase.java:123)
	at org.apache.catalina.util.LifecycleBase.setStateInternal(LifecycleBase.java:423)
	at org.apache.catalina.util.LifecycleBase.setState(LifecycleBase.java:366)
	at org.apache.catalina.core.ContainerBase.startInternal(ContainerBase.java:929)
	at org.apache.catalina.core.StandardHost.startInternal(StandardHost.java:841)
	at org.apache.catalina.util.LifecycleBase.start(LifecycleBase.java:183)
	at org.apache.catalina.core.ContainerBase$StartChild.call(ContainerBase.java:1377)
	at org.apache.catalina.core.ContainerBase$StartChild.call(ContainerBase.java:1367)
	at java.util.concurrent.FutureTask.run(FutureTask.java:266)
	at org.apache.tomcat.util.threads.InlineExecutorService.execute(InlineExecutorService.java:75)
	at java.util.concurrent.AbstractExecutorService.submit(AbstractExecutorService.java:134)
	at org.apache.catalina.core.ContainerBase.startInternal(ContainerBase.java:902)
	at org.apache.catalina.core.StandardEngine.startInternal(StandardEngine.java:262)
	at org.apache.catalina.util.LifecycleBase.start(LifecycleBase.java:183)
	at org.apache.catalina.core.StandardService.startInternal(StandardService.java:421)
	at org.apache.catalina.util.LifecycleBase.start(LifecycleBase.java:183)
	at org.apache.catalina.core.StandardServer.startInternal(StandardServer.java:932)
	at org.apache.catalina.util.LifecycleBase.start(LifecycleBase.java:183)
	at org.apache.catalina.startup.Catalina.start(Catalina.java:633)
	at sun.reflect.NativeMethodAccessorImpl.invoke0(Native Method)
	at sun.reflect.NativeMethodAccessorImpl.invoke(NativeMethodAccessorImpl.java:62)
	at sun.reflect.DelegatingMethodAccessorImpl.invoke(DelegatingMethodAccessorImpl.java:43)
	at java.lang.reflect.Method.invoke(Method.java:498)
	at org.apache.catalina.startup.Bootstrap.start(Bootstrap.java:344)
	at org.apache.catalina.startup.Bootstrap.main(Bootstrap.java:475)
2020-05-01 18:21:42,971 WARN [geoserver.monitor] - monitoring storage memory not found, falling back to 'memory'
2020-05-01 18:21:45,342 WARN [ejb.Ejb3Configuration] - hibernate.connection.autocommit = false break the EJB3 specification
2020-05-01 18:21:45,434 WARN [dialect.H2Dialect] - The 1.1.119 version of H2 implements temporary table creation such that it commits current transaction; multi-table, bulk hql/jpaql will not work properly
2020-05-01 18:21:48,003 WARN [dialect.H2Dialect] - The 1.1.119 version of H2 implements temporary table creation such that it commits current transaction; multi-table, bulk hql/jpaql will not work properly
2020-05-01 18:21:48,409 WARN [cache.EhCacheProvider] - Could not find configuration [RuleLimits]; using defaults.
2020-05-01 18:21:48,491 WARN [cache.EhCacheProvider] - Could not find configuration [Rule]; using defaults.
2020-05-01 18:21:48,506 WARN [cache.EhCacheProvider] - Could not find configuration [usergroup]; using defaults.
2020-05-01 18:21:48,517 WARN [cache.EhCacheProvider] - Could not find configuration [GSUser]; using defaults.
2020-05-01 18:21:48,531 WARN [cache.EhCacheProvider] - Could not find configuration [GFUser]; using defaults.
2020-05-01 18:21:48,543 WARN [cache.EhCacheProvider] - Could not find configuration [gsinstance]; using defaults.
2020-05-01 18:21:48,557 WARN [cache.EhCacheProvider] - Could not find configuration [LayerDetails]; using defaults.
2020-05-01 18:21:51,907 WARN [platform.resource] - There is code leaving resource input streams open, locks around them might not be cleared! Add -Dgs.lock.trace=true to your JVM options to get a full stack trace of the code that acquired the input stream
2020-05-01 18:22:07,704 WARN [auth.GeoFenceAuthenticationProvider] - INIT FROM CONFIG
2020-05-02 13:50:51,545 WARN [geoserver.config] - Error reading resource URL [jar:file:/usr/local/tomcat/webapps/geoserver/WEB-INF/lib/gs-geofence-server-2.15.1.jar!/geofence-default-override.properties]
java.io.FileNotFoundException: URL [jar:file:/usr/local/tomcat/webapps/geoserver/WEB-INF/lib/gs-geofence-server-2.15.1.jar!/geofence-default-override.properties] cannot be resolved to absolute file path because it does not reside in the file system: jar:file:/usr/local/tomcat/webapps/geoserver/WEB-INF/lib/gs-geofence-server-2.15.1.jar!/geofence-default-override.properties
	at org.springframework.util.ResourceUtils.getFile(ResourceUtils.java:217)
	at org.springframework.core.io.AbstractFileResolvingResource.getFile(AbstractFileResolvingResource.java:154)
	at org.springframework.core.io.UrlResource.getFile(UrlResource.java:227)
	at org.geoserver.config.SpringResourceAdaptor.relative(SpringResourceAdaptor.java:35)
	at org.geoserver.config.GeoServerPropertyOverrideConfigurer.setLocations(GeoServerPropertyOverrideConfigurer.java:49)
	at sun.reflect.NativeMethodAccessorImpl.invoke0(Native Method)
	at sun.reflect.NativeMethodAccessorImpl.invoke(NativeMethodAccessorImpl.java:62)
	at sun.reflect.DelegatingMethodAccessorImpl.invoke(DelegatingMethodAccessorImpl.java:43)
	at java.lang.reflect.Method.invoke(Method.java:498)
	at org.springframework.beans.BeanWrapperImpl$BeanPropertyHandler.setValue(BeanWrapperImpl.java:332)
	at org.springframework.beans.AbstractNestablePropertyAccessor.processLocalProperty(AbstractNestablePropertyAccessor.java:458)
	at org.springframework.beans.AbstractNestablePropertyAccessor.setPropertyValue(AbstractNestablePropertyAccessor.java:278)
	at org.springframework.beans.AbstractNestablePropertyAccessor.setPropertyValue(AbstractNestablePropertyAccessor.java:266)
	at org.springframework.beans.AbstractPropertyAccessor.setPropertyValues(AbstractPropertyAccessor.java:97)
	at org.springframework.beans.AbstractPropertyAccessor.setPropertyValues(AbstractPropertyAccessor.java:77)
	at org.springframework.beans.factory.support.AbstractAutowireCapableBeanFactory.applyPropertyValues(AbstractAutowireCapableBeanFactory.java:1698)
	at org.springframework.beans.factory.support.AbstractAutowireCapableBeanFactory.populateBean(AbstractAutowireCapableBeanFactory.java:1417)
	at org.springframework.beans.factory.support.AbstractAutowireCapableBeanFactory.doCreateBean(AbstractAutowireCapableBeanFactory.java:592)
	at org.springframework.beans.factory.support.AbstractAutowireCapableBeanFactory.createBean(AbstractAutowireCapableBeanFactory.java:515)
	at org.springframework.beans.factory.support.AbstractBeanFactory.lambda$doGetBean$0(AbstractBeanFactory.java:320)
	at org.springframework.beans.factory.support.DefaultSingletonBeanRegistry.getSingleton(DefaultSingletonBeanRegistry.java:222)
	at org.springframework.beans.factory.support.AbstractBeanFactory.doGetBean(AbstractBeanFactory.java:318)
	at org.springframework.beans.factory.support.AbstractBeanFactory.getBean(AbstractBeanFactory.java:204)
	at org.springframework.context.support.PostProcessorRegistrationDelegate.invokeBeanFactoryPostProcessors(PostProcessorRegistrationDelegate.java:154)
	at org.springframework.context.support.AbstractApplicationContext.invokeBeanFactoryPostProcessors(AbstractApplicationContext.java:705)
	at org.springframework.context.support.AbstractApplicationContext.refresh(AbstractApplicationContext.java:531)
	at org.springframework.web.context.ContextLoader.configureAndRefreshWebApplicationContext(ContextLoader.java:400)
	at org.springframework.web.context.ContextLoader.initWebApplicationContext(ContextLoader.java:291)
	at org.springframework.web.context.ContextLoaderListener.contextInitialized(ContextLoaderListener.java:103)
	at org.geoserver.platform.GeoServerContextLoaderListener.contextInitialized(GeoServerContextLoaderListener.java:22)
	at org.apache.catalina.core.StandardContext.listenerStart(StandardContext.java:4682)
	at org.apache.catalina.core.StandardContext.startInternal(StandardContext.java:5150)
	at org.apache.catalina.util.LifecycleBase.start(LifecycleBase.java:183)
	at org.apache.catalina.core.ContainerBase.addChildInternal(ContainerBase.java:713)
	at org.apache.catalina.core.ContainerBase.addChild(ContainerBase.java:690)
	at org.apache.catalina.core.StandardHost.addChild(StandardHost.java:705)
	at org.apache.catalina.startup.HostConfig.deployDirectory(HostConfig.java:1133)
	at org.apache.catalina.startup.HostConfig$DeployDirectory.run(HostConfig.java:1867)
	at java.util.concurrent.Executors$RunnableAdapter.call(Executors.java:511)
	at java.util.concurrent.FutureTask.run(FutureTask.java:266)
	at org.apache.tomcat.util.threads.InlineExecutorService.execute(InlineExecutorService.java:75)
	at java.util.concurrent.AbstractExecutorService.submit(AbstractExecutorService.java:112)
	at org.apache.catalina.startup.HostConfig.deployDirectories(HostConfig.java:1045)
	at org.apache.catalina.startup.HostConfig.deployApps(HostConfig.java:429)
	at org.apache.catalina.startup.HostConfig.start(HostConfig.java:1576)
	at org.apache.catalina.startup.HostConfig.lifecycleEvent(HostConfig.java:309)
	at org.apache.catalina.util.LifecycleBase.fireLifecycleEvent(LifecycleBase.java:123)
	at org.apache.catalina.util.LifecycleBase.setStateInternal(LifecycleBase.java:423)
	at org.apache.catalina.util.LifecycleBase.setState(LifecycleBase.java:366)
	at org.apache.catalina.core.ContainerBase.startInternal(ContainerBase.java:929)
	at org.apache.catalina.core.StandardHost.startInternal(StandardHost.java:841)
	at org.apache.catalina.util.LifecycleBase.start(LifecycleBase.java:183)
	at org.apache.catalina.core.ContainerBase$StartChild.call(ContainerBase.java:1377)
	at org.apache.catalina.core.ContainerBase$StartChild.call(ContainerBase.java:1367)
	at java.util.concurrent.FutureTask.run(FutureTask.java:266)
	at org.apache.tomcat.util.threads.InlineExecutorService.execute(InlineExecutorService.java:75)
	at java.util.concurrent.AbstractExecutorService.submit(AbstractExecutorService.java:134)
	at org.apache.catalina.core.ContainerBase.startInternal(ContainerBase.java:902)
	at org.apache.catalina.core.StandardEngine.startInternal(StandardEngine.java:262)
	at org.apache.catalina.util.LifecycleBase.start(LifecycleBase.java:183)
	at org.apache.catalina.core.StandardService.startInternal(StandardService.java:421)
	at org.apache.catalina.util.LifecycleBase.start(LifecycleBase.java:183)
	at org.apache.catalina.core.StandardServer.startInternal(StandardServer.java:932)
	at org.apache.catalina.util.LifecycleBase.start(LifecycleBase.java:183)
	at org.apache.catalina.startup.Catalina.start(Catalina.java:633)
	at sun.reflect.NativeMethodAccessorImpl.invoke0(Native Method)
	at sun.reflect.NativeMethodAccessorImpl.invoke(NativeMethodAccessorImpl.java:62)
	at sun.reflect.DelegatingMethodAccessorImpl.invoke(DelegatingMethodAccessorImpl.java:43)
	at java.lang.reflect.Method.invoke(Method.java:498)
	at org.apache.catalina.startup.Bootstrap.start(Bootstrap.java:344)
	at org.apache.catalina.startup.Bootstrap.main(Bootstrap.java:475)
2020-05-02 13:50:51,891 WARN [geoserver.monitor] - monitoring storage memory not found, falling back to 'memory'
2020-05-02 13:50:54,088 WARN [ejb.Ejb3Configuration] - hibernate.connection.autocommit = false break the EJB3 specification
2020-05-02 13:50:54,165 WARN [dialect.H2Dialect] - The 1.1.119 version of H2 implements temporary table creation such that it commits current transaction; multi-table, bulk hql/jpaql will not work properly
2020-05-02 13:50:54,674 WARN [dialect.H2Dialect] - The 1.1.119 version of H2 implements temporary table creation such that it commits current transaction; multi-table, bulk hql/jpaql will not work properly
2020-05-02 13:50:55,041 WARN [cache.EhCacheProvider] - Could not find configuration [RuleLimits]; using defaults.
2020-05-02 13:50:55,150 WARN [cache.EhCacheProvider] - Could not find configuration [Rule]; using defaults.
2020-05-02 13:50:55,169 WARN [cache.EhCacheProvider] - Could not find configuration [usergroup]; using defaults.
2020-05-02 13:50:55,180 WARN [cache.EhCacheProvider] - Could not find configuration [GSUser]; using defaults.
2020-05-02 13:50:55,199 WARN [cache.EhCacheProvider] - Could not find configuration [GFUser]; using defaults.
2020-05-02 13:50:55,212 WARN [cache.EhCacheProvider] - Could not find configuration [gsinstance]; using defaults.
2020-05-02 13:50:55,231 WARN [cache.EhCacheProvider] - Could not find configuration [LayerDetails]; using defaults.
2020-05-02 13:50:59,330 WARN [platform.resource] - There is code leaving resource input streams open, locks around them might not be cleared! Add -Dgs.lock.trace=true to your JVM options to get a full stack trace of the code that acquired the input stream
2020-05-02 13:51:13,628 WARN [auth.GeoFenceAuthenticationProvider] - INIT FROM CONFIG
2020-05-02 13:52:03,223 WARN [geoserver.config] - Error reading resource URL [jar:file:/usr/local/tomcat/webapps/geoserver/WEB-INF/lib/gs-geofence-server-2.15.1.jar!/geofence-default-override.properties]
java.io.FileNotFoundException: URL [jar:file:/usr/local/tomcat/webapps/geoserver/WEB-INF/lib/gs-geofence-server-2.15.1.jar!/geofence-default-override.properties] cannot be resolved to absolute file path because it does not reside in the file system: jar:file:/usr/local/tomcat/webapps/geoserver/WEB-INF/lib/gs-geofence-server-2.15.1.jar!/geofence-default-override.properties
	at org.springframework.util.ResourceUtils.getFile(ResourceUtils.java:217)
	at org.springframework.core.io.AbstractFileResolvingResource.getFile(AbstractFileResolvingResource.java:154)
	at org.springframework.core.io.UrlResource.getFile(UrlResource.java:227)
	at org.geoserver.config.SpringResourceAdaptor.relative(SpringResourceAdaptor.java:35)
	at org.geoserver.config.GeoServerPropertyOverrideConfigurer.setLocations(GeoServerPropertyOverrideConfigurer.java:49)
	at sun.reflect.NativeMethodAccessorImpl.invoke0(Native Method)
	at sun.reflect.NativeMethodAccessorImpl.invoke(NativeMethodAccessorImpl.java:62)
	at sun.reflect.DelegatingMethodAccessorImpl.invoke(DelegatingMethodAccessorImpl.java:43)
	at java.lang.reflect.Method.invoke(Method.java:498)
	at org.springframework.beans.BeanWrapperImpl$BeanPropertyHandler.setValue(BeanWrapperImpl.java:332)
	at org.springframework.beans.AbstractNestablePropertyAccessor.processLocalProperty(AbstractNestablePropertyAccessor.java:458)
	at org.springframework.beans.AbstractNestablePropertyAccessor.setPropertyValue(AbstractNestablePropertyAccessor.java:278)
	at org.springframework.beans.AbstractNestablePropertyAccessor.setPropertyValue(AbstractNestablePropertyAccessor.java:266)
	at org.springframework.beans.AbstractPropertyAccessor.setPropertyValues(AbstractPropertyAccessor.java:97)
	at org.springframework.beans.AbstractPropertyAccessor.setPropertyValues(AbstractPropertyAccessor.java:77)
	at org.springframework.beans.factory.support.AbstractAutowireCapableBeanFactory.applyPropertyValues(AbstractAutowireCapableBeanFactory.java:1698)
	at org.springframework.beans.factory.support.AbstractAutowireCapableBeanFactory.populateBean(AbstractAutowireCapableBeanFactory.java:1417)
	at org.springframework.beans.factory.support.AbstractAutowireCapableBeanFactory.doCreateBean(AbstractAutowireCapableBeanFactory.java:592)
	at org.springframework.beans.factory.support.AbstractAutowireCapableBeanFactory.createBean(AbstractAutowireCapableBeanFactory.java:515)
	at org.springframework.beans.factory.support.AbstractBeanFactory.lambda$doGetBean$0(AbstractBeanFactory.java:320)
	at org.springframework.beans.factory.support.DefaultSingletonBeanRegistry.getSingleton(DefaultSingletonBeanRegistry.java:222)
	at org.springframework.beans.factory.support.AbstractBeanFactory.doGetBean(AbstractBeanFactory.java:318)
	at org.springframework.beans.factory.support.AbstractBeanFactory.getBean(AbstractBeanFactory.java:204)
	at org.springframework.context.support.PostProcessorRegistrationDelegate.invokeBeanFactoryPostProcessors(PostProcessorRegistrationDelegate.java:154)
	at org.springframework.context.support.AbstractApplicationContext.invokeBeanFactoryPostProcessors(AbstractApplicationContext.java:705)
	at org.springframework.context.support.AbstractApplicationContext.refresh(AbstractApplicationContext.java:531)
	at org.springframework.web.context.ContextLoader.configureAndRefreshWebApplicationContext(ContextLoader.java:400)
	at org.springframework.web.context.ContextLoader.initWebApplicationContext(ContextLoader.java:291)
	at org.springframework.web.context.ContextLoaderListener.contextInitialized(ContextLoaderListener.java:103)
	at org.geoserver.platform.GeoServerContextLoaderListener.contextInitialized(GeoServerContextLoaderListener.java:22)
	at org.apache.catalina.core.StandardContext.listenerStart(StandardContext.java:4682)
	at org.apache.catalina.core.StandardContext.startInternal(StandardContext.java:5150)
	at org.apache.catalina.util.LifecycleBase.start(LifecycleBase.java:183)
	at org.apache.catalina.core.ContainerBase.addChildInternal(ContainerBase.java:713)
	at org.apache.catalina.core.ContainerBase.addChild(ContainerBase.java:690)
	at org.apache.catalina.core.StandardHost.addChild(StandardHost.java:705)
	at org.apache.catalina.startup.HostConfig.deployDirectory(HostConfig.java:1133)
	at org.apache.catalina.startup.HostConfig$DeployDirectory.run(HostConfig.java:1867)
	at java.util.concurrent.Executors$RunnableAdapter.call(Executors.java:511)
	at java.util.concurrent.FutureTask.run(FutureTask.java:266)
	at org.apache.tomcat.util.threads.InlineExecutorService.execute(InlineExecutorService.java:75)
	at java.util.concurrent.AbstractExecutorService.submit(AbstractExecutorService.java:112)
	at org.apache.catalina.startup.HostConfig.deployDirectories(HostConfig.java:1045)
	at org.apache.catalina.startup.HostConfig.deployApps(HostConfig.java:429)
	at org.apache.catalina.startup.HostConfig.start(HostConfig.java:1576)
	at org.apache.catalina.startup.HostConfig.lifecycleEvent(HostConfig.java:309)
	at org.apache.catalina.util.LifecycleBase.fireLifecycleEvent(LifecycleBase.java:123)
	at org.apache.catalina.util.LifecycleBase.setStateInternal(LifecycleBase.java:423)
	at org.apache.catalina.util.LifecycleBase.setState(LifecycleBase.java:366)
	at org.apache.catalina.core.ContainerBase.startInternal(ContainerBase.java:929)
	at org.apache.catalina.core.StandardHost.startInternal(StandardHost.java:841)
	at org.apache.catalina.util.LifecycleBase.start(LifecycleBase.java:183)
	at org.apache.catalina.core.ContainerBase$StartChild.call(ContainerBase.java:1377)
	at org.apache.catalina.core.ContainerBase$StartChild.call(ContainerBase.java:1367)
	at java.util.concurrent.FutureTask.run(FutureTask.java:266)
	at org.apache.tomcat.util.threads.InlineExecutorService.execute(InlineExecutorService.java:75)
	at java.util.concurrent.AbstractExecutorService.submit(AbstractExecutorService.java:134)
	at org.apache.catalina.core.ContainerBase.startInternal(ContainerBase.java:902)
	at org.apache.catalina.core.StandardEngine.startInternal(StandardEngine.java:262)
	at org.apache.catalina.util.LifecycleBase.start(LifecycleBase.java:183)
	at org.apache.catalina.core.StandardService.startInternal(StandardService.java:421)
	at org.apache.catalina.util.LifecycleBase.start(LifecycleBase.java:183)
	at org.apache.catalina.core.StandardServer.startInternal(StandardServer.java:932)
	at org.apache.catalina.util.LifecycleBase.start(LifecycleBase.java:183)
	at org.apache.catalina.startup.Catalina.start(Catalina.java:633)
	at sun.reflect.NativeMethodAccessorImpl.invoke0(Native Method)
	at sun.reflect.NativeMethodAccessorImpl.invoke(NativeMethodAccessorImpl.java:62)
	at sun.reflect.DelegatingMethodAccessorImpl.invoke(DelegatingMethodAccessorImpl.java:43)
	at java.lang.reflect.Method.invoke(Method.java:498)
	at org.apache.catalina.startup.Bootstrap.start(Bootstrap.java:344)
	at org.apache.catalina.startup.Bootstrap.main(Bootstrap.java:475)
2020-05-02 13:59:21,143 WARN [geoserver.config] - Error reading resource URL [jar:file:/usr/local/tomcat/webapps/geoserver/WEB-INF/lib/gs-geofence-server-2.15.1.jar!/geofence-default-override.properties]
java.io.FileNotFoundException: URL [jar:file:/usr/local/tomcat/webapps/geoserver/WEB-INF/lib/gs-geofence-server-2.15.1.jar!/geofence-default-override.properties] cannot be resolved to absolute file path because it does not reside in the file system: jar:file:/usr/local/tomcat/webapps/geoserver/WEB-INF/lib/gs-geofence-server-2.15.1.jar!/geofence-default-override.properties
	at org.springframework.util.ResourceUtils.getFile(ResourceUtils.java:217)
	at org.springframework.core.io.AbstractFileResolvingResource.getFile(AbstractFileResolvingResource.java:154)
	at org.springframework.core.io.UrlResource.getFile(UrlResource.java:227)
	at org.geoserver.config.SpringResourceAdaptor.relative(SpringResourceAdaptor.java:35)
	at org.geoserver.config.GeoServerPropertyOverrideConfigurer.setLocations(GeoServerPropertyOverrideConfigurer.java:49)
	at sun.reflect.NativeMethodAccessorImpl.invoke0(Native Method)
	at sun.reflect.NativeMethodAccessorImpl.invoke(NativeMethodAccessorImpl.java:62)
	at sun.reflect.DelegatingMethodAccessorImpl.invoke(DelegatingMethodAccessorImpl.java:43)
	at java.lang.reflect.Method.invoke(Method.java:498)
	at org.springframework.beans.BeanWrapperImpl$BeanPropertyHandler.setValue(BeanWrapperImpl.java:332)
	at org.springframework.beans.AbstractNestablePropertyAccessor.processLocalProperty(AbstractNestablePropertyAccessor.java:458)
	at org.springframework.beans.AbstractNestablePropertyAccessor.setPropertyValue(AbstractNestablePropertyAccessor.java:278)
	at org.springframework.beans.AbstractNestablePropertyAccessor.setPropertyValue(AbstractNestablePropertyAccessor.java:266)
	at org.springframework.beans.AbstractPropertyAccessor.setPropertyValues(AbstractPropertyAccessor.java:97)
	at org.springframework.beans.AbstractPropertyAccessor.setPropertyValues(AbstractPropertyAccessor.java:77)
	at org.springframework.beans.factory.support.AbstractAutowireCapableBeanFactory.applyPropertyValues(AbstractAutowireCapableBeanFactory.java:1698)
	at org.springframework.beans.factory.support.AbstractAutowireCapableBeanFactory.populateBean(AbstractAutowireCapableBeanFactory.java:1417)
	at org.springframework.beans.factory.support.AbstractAutowireCapableBeanFactory.doCreateBean(AbstractAutowireCapableBeanFactory.java:592)
	at org.springframework.beans.factory.support.AbstractAutowireCapableBeanFactory.createBean(AbstractAutowireCapableBeanFactory.java:515)
	at org.springframework.beans.factory.support.AbstractBeanFactory.lambda$doGetBean$0(AbstractBeanFactory.java:320)
	at org.springframework.beans.factory.support.DefaultSingletonBeanRegistry.getSingleton(DefaultSingletonBeanRegistry.java:222)
	at org.springframework.beans.factory.support.AbstractBeanFactory.doGetBean(AbstractBeanFactory.java:318)
	at org.springframework.beans.factory.support.AbstractBeanFactory.getBean(AbstractBeanFactory.java:204)
	at org.springframework.context.support.PostProcessorRegistrationDelegate.invokeBeanFactoryPostProcessors(PostProcessorRegistrationDelegate.java:154)
	at org.springframework.context.support.AbstractApplicationContext.invokeBeanFactoryPostProcessors(AbstractApplicationContext.java:705)
	at org.springframework.context.support.AbstractApplicationContext.refresh(AbstractApplicationContext.java:531)
	at org.springframework.web.context.ContextLoader.configureAndRefreshWebApplicationContext(ContextLoader.java:400)
	at org.springframework.web.context.ContextLoader.initWebApplicationContext(ContextLoader.java:291)
	at org.springframework.web.context.ContextLoaderListener.contextInitialized(ContextLoaderListener.java:103)
	at org.geoserver.platform.GeoServerContextLoaderListener.contextInitialized(GeoServerContextLoaderListener.java:22)
	at org.apache.catalina.core.StandardContext.listenerStart(StandardContext.java:4682)
	at org.apache.catalina.core.StandardContext.startInternal(StandardContext.java:5150)
	at org.apache.catalina.util.LifecycleBase.start(LifecycleBase.java:183)
	at org.apache.catalina.core.ContainerBase.addChildInternal(ContainerBase.java:713)
	at org.apache.catalina.core.ContainerBase.addChild(ContainerBase.java:690)
	at org.apache.catalina.core.StandardHost.addChild(StandardHost.java:705)
	at org.apache.catalina.startup.HostConfig.deployDirectory(HostConfig.java:1133)
	at org.apache.catalina.startup.HostConfig$DeployDirectory.run(HostConfig.java:1867)
	at java.util.concurrent.Executors$RunnableAdapter.call(Executors.java:511)
	at java.util.concurrent.FutureTask.run(FutureTask.java:266)
	at org.apache.tomcat.util.threads.InlineExecutorService.execute(InlineExecutorService.java:75)
	at java.util.concurrent.AbstractExecutorService.submit(AbstractExecutorService.java:112)
	at org.apache.catalina.startup.HostConfig.deployDirectories(HostConfig.java:1045)
	at org.apache.catalina.startup.HostConfig.deployApps(HostConfig.java:429)
	at org.apache.catalina.startup.HostConfig.start(HostConfig.java:1576)
	at org.apache.catalina.startup.HostConfig.lifecycleEvent(HostConfig.java:309)
	at org.apache.catalina.util.LifecycleBase.fireLifecycleEvent(LifecycleBase.java:123)
	at org.apache.catalina.util.LifecycleBase.setStateInternal(LifecycleBase.java:423)
	at org.apache.catalina.util.LifecycleBase.setState(LifecycleBase.java:366)
	at org.apache.catalina.core.ContainerBase.startInternal(ContainerBase.java:929)
	at org.apache.catalina.core.StandardHost.startInternal(StandardHost.java:841)
	at org.apache.catalina.util.LifecycleBase.start(LifecycleBase.java:183)
	at org.apache.catalina.core.ContainerBase$StartChild.call(ContainerBase.java:1377)
	at org.apache.catalina.core.ContainerBase$StartChild.call(ContainerBase.java:1367)
	at java.util.concurrent.FutureTask.run(FutureTask.java:266)
	at org.apache.tomcat.util.threads.InlineExecutorService.execute(InlineExecutorService.java:75)
	at java.util.concurrent.AbstractExecutorService.submit(AbstractExecutorService.java:134)
	at org.apache.catalina.core.ContainerBase.startInternal(ContainerBase.java:902)
	at org.apache.catalina.core.StandardEngine.startInternal(StandardEngine.java:262)
	at org.apache.catalina.util.LifecycleBase.start(LifecycleBase.java:183)
	at org.apache.catalina.core.StandardService.startInternal(StandardService.java:421)
	at org.apache.catalina.util.LifecycleBase.start(LifecycleBase.java:183)
	at org.apache.catalina.core.StandardServer.startInternal(StandardServer.java:932)
	at org.apache.catalina.util.LifecycleBase.start(LifecycleBase.java:183)
	at org.apache.catalina.startup.Catalina.start(Catalina.java:633)
	at sun.reflect.NativeMethodAccessorImpl.invoke0(Native Method)
	at sun.reflect.NativeMethodAccessorImpl.invoke(NativeMethodAccessorImpl.java:62)
	at sun.reflect.DelegatingMethodAccessorImpl.invoke(DelegatingMethodAccessorImpl.java:43)
	at java.lang.reflect.Method.invoke(Method.java:498)
	at org.apache.catalina.startup.Bootstrap.start(Bootstrap.java:344)
	at org.apache.catalina.startup.Bootstrap.main(Bootstrap.java:475)
2020-05-02 13:59:21,813 WARN [geoserver.monitor] - monitoring storage memory not found, falling back to 'memory'
2020-05-02 13:59:25,568 WARN [ejb.Ejb3Configuration] - hibernate.connection.autocommit = false break the EJB3 specification
2020-05-02 13:59:25,706 WARN [dialect.H2Dialect] - The 1.1.119 version of H2 implements temporary table creation such that it commits current transaction; multi-table, bulk hql/jpaql will not work properly
2020-05-02 13:59:26,331 WARN [dialect.H2Dialect] - The 1.1.119 version of H2 implements temporary table creation such that it commits current transaction; multi-table, bulk hql/jpaql will not work properly
2020-05-02 13:59:26,820 WARN [cache.EhCacheProvider] - Could not find configuration [RuleLimits]; using defaults.
2020-05-02 13:59:26,984 WARN [cache.EhCacheProvider] - Could not find configuration [Rule]; using defaults.
2020-05-02 13:59:27,008 WARN [cache.EhCacheProvider] - Could not find configuration [usergroup]; using defaults.
2020-05-02 13:59:27,058 WARN [cache.EhCacheProvider] - Could not find configuration [GSUser]; using defaults.
2020-05-02 13:59:27,087 WARN [cache.EhCacheProvider] - Could not find configuration [GFUser]; using defaults.
2020-05-02 13:59:27,117 WARN [cache.EhCacheProvider] - Could not find configuration [gsinstance]; using defaults.
2020-05-02 13:59:27,141 WARN [cache.EhCacheProvider] - Could not find configuration [LayerDetails]; using defaults.
2020-05-02 13:59:33,208 WARN [platform.resource] - There is code leaving resource input streams open, locks around them might not be cleared! Add -Dgs.lock.trace=true to your JVM options to get a full stack trace of the code that acquired the input stream
2020-05-02 14:00:00,388 WARN [auth.GeoFenceAuthenticationProvider] - INIT FROM CONFIG
2020-05-02 14:00:22,562 WARN [geofence.cache] - org.geoserver.geofence.cache.CachedRuleReader$NoAuthException: Can't auth user [admin]
2020-05-02 14:00:22,568 WARN [geoserver.security] - Failed login, user admin from 10.76.7.1
2020-05-02 14:00:24,698 WARN [geofence.cache] - org.geoserver.geofence.cache.CachedRuleReader$NoAuthException: Can't auth user [admin]
2020-05-02 14:00:24,699 WARN [geoserver.security] - Failed login, user admin from 10.76.7.1, stopped 2 concurrent logins during authentication delay
2020-05-02 14:00:24,754 ERROR [geoserver.security] - Could not Authorize OAuth2 Resource due to the following exception:
error="invalid_request", error_description="true"
	at org.springframework.security.oauth2.common.exceptions.OAuth2Exception.create(OAuth2Exception.java:129)
	at org.springframework.security.oauth2.common.exceptions.OAuth2Exception.valueOf(OAuth2Exception.java:143)
	at org.springframework.security.oauth2.client.token.AccessTokenProviderChain.obtainNewAccessTokenInternal(AccessTokenProviderChain.java:143)
	at org.springframework.security.oauth2.client.token.AccessTokenProviderChain.obtainAccessToken(AccessTokenProviderChain.java:121)
	at org.springframework.security.oauth2.client.OAuth2RestTemplate.acquireAccessToken(OAuth2RestTemplate.java:221)
	at org.springframework.security.oauth2.client.OAuth2RestTemplate.getAccessToken(OAuth2RestTemplate.java:173)
	at org.springframework.security.oauth2.client.OAuth2RestTemplate$$FastClassBySpringCGLIB$$ca6dc720.invoke(<generated>)
	at org.springframework.cglib.proxy.MethodProxy.invoke(MethodProxy.java:218)
	at org.springframework.aop.framework.CglibAopProxy$CglibMethodInvocation.invokeJoinpoint(CglibAopProxy.java:749)
	at org.springframework.aop.framework.ReflectiveMethodInvocation.proceed(ReflectiveMethodInvocation.java:163)
	at org.springframework.aop.support.DelegatingIntroductionInterceptor.doProceed(DelegatingIntroductionInterceptor.java:136)
	at org.springframework.aop.support.DelegatingIntroductionInterceptor.invoke(DelegatingIntroductionInterceptor.java:124)
	at org.springframework.aop.framework.ReflectiveMethodInvocation.proceed(ReflectiveMethodInvocation.java:186)
	at org.springframework.aop.framework.CglibAopProxy$DynamicAdvisedInterceptor.intercept(CglibAopProxy.java:688)
	at org.springframework.security.oauth2.client.OAuth2RestTemplate$$EnhancerBySpringCGLIB$$7353f63a.getAccessToken(<generated>)
	at org.springframework.security.oauth2.client.filter.OAuth2ClientAuthenticationProcessingFilter.attemptAuthentication(OAuth2ClientAuthenticationProcessingFilter.java:105)
	at org.geoserver.security.oauth2.GeoServerOAuthAuthenticationFilter.getPreAuthenticatedPrincipal(GeoServerOAuthAuthenticationFilter.java:384)
	at org.geoserver.security.oauth2.GeoServerOAuthAuthenticationFilter.doAuthenticate(GeoServerOAuthAuthenticationFilter.java:286)
	at org.geoserver.security.oauth2.GeoServerOAuthAuthenticationFilter.doFilter(GeoServerOAuthAuthenticationFilter.java:158)
	at org.springframework.security.web.FilterChainProxy$VirtualFilterChain.doFilter(FilterChainProxy.java:334)
	at org.geoserver.security.filter.GeoServerCompositeFilter$NestedFilterChain.doFilter(GeoServerCompositeFilter.java:70)
	at org.springframework.security.web.context.SecurityContextPersistenceFilter.doFilter(SecurityContextPersistenceFilter.java:105)
	at org.geoserver.security.filter.GeoServerSecurityContextPersistenceFilter$1.doFilter(GeoServerSecurityContextPersistenceFilter.java:52)
	at org.geoserver.security.filter.GeoServerCompositeFilter$NestedFilterChain.doFilter(GeoServerCompositeFilter.java:74)
	at org.geoserver.security.filter.GeoServerCompositeFilter.doFilter(GeoServerCompositeFilter.java:91)
	at org.springframework.security.web.FilterChainProxy$VirtualFilterChain.doFilter(FilterChainProxy.java:334)
	at org.springframework.security.web.FilterChainProxy.doFilterInternal(FilterChainProxy.java:215)
	at org.springframework.security.web.FilterChainProxy.doFilter(FilterChainProxy.java:178)
	at org.geoserver.security.GeoServerSecurityFilterChainProxy.doFilter(GeoServerSecurityFilterChainProxy.java:142)
	at org.springframework.web.filter.DelegatingFilterProxy.invokeDelegate(DelegatingFilterProxy.java:357)
	at org.springframework.web.filter.DelegatingFilterProxy.doFilter(DelegatingFilterProxy.java:270)
	at org.apache.catalina.core.ApplicationFilterChain.internalDoFilter(ApplicationFilterChain.java:193)
	at org.apache.catalina.core.ApplicationFilterChain.doFilter(ApplicationFilterChain.java:166)
	at org.geoserver.filters.LoggingFilter.doFilter(LoggingFilter.java:90)
	at org.apache.catalina.core.ApplicationFilterChain.internalDoFilter(ApplicationFilterChain.java:193)
	at org.apache.catalina.core.ApplicationFilterChain.doFilter(ApplicationFilterChain.java:166)
	at org.geoserver.filters.GZIPFilter.doFilter(GZIPFilter.java:42)
	at org.apache.catalina.core.ApplicationFilterChain.internalDoFilter(ApplicationFilterChain.java:193)
	at org.apache.catalina.core.ApplicationFilterChain.doFilter(ApplicationFilterChain.java:166)
	at org.geoserver.filters.SessionDebugFilter.doFilter(SessionDebugFilter.java:46)
	at org.apache.catalina.core.ApplicationFilterChain.internalDoFilter(ApplicationFilterChain.java:193)
	at org.apache.catalina.core.ApplicationFilterChain.doFilter(ApplicationFilterChain.java:166)
	at org.geoserver.filters.FlushSafeFilter.doFilter(FlushSafeFilter.java:42)
	at org.apache.catalina.core.ApplicationFilterChain.internalDoFilter(ApplicationFilterChain.java:193)
	at org.apache.catalina.core.ApplicationFilterChain.doFilter(ApplicationFilterChain.java:166)
	at org.springframework.web.filter.CharacterEncodingFilter.doFilterInternal(CharacterEncodingFilter.java:200)
	at org.springframework.web.filter.OncePerRequestFilter.doFilter(OncePerRequestFilter.java:107)
	at org.apache.catalina.core.ApplicationFilterChain.internalDoFilter(ApplicationFilterChain.java:193)
	at org.apache.catalina.core.ApplicationFilterChain.doFilter(ApplicationFilterChain.java:166)
	at org.apache.catalina.core.StandardWrapperValve.invoke(StandardWrapperValve.java:200)
	at org.apache.catalina.core.StandardContextValve.invoke(StandardContextValve.java:96)
	at org.apache.catalina.authenticator.AuthenticatorBase.invoke(AuthenticatorBase.java:490)
	at org.apache.catalina.core.StandardHostValve.invoke(StandardHostValve.java:139)
	at org.apache.catalina.valves.ErrorReportValve.invoke(ErrorReportValve.java:92)
	at org.apache.catalina.valves.AbstractAccessLogValve.invoke(AbstractAccessLogValve.java:678)
	at org.apache.catalina.core.StandardEngineValve.invoke(StandardEngineValve.java:74)
	at org.apache.catalina.connector.CoyoteAdapter.service(CoyoteAdapter.java:343)
	at org.apache.coyote.http11.Http11Processor.service(Http11Processor.java:408)
	at org.apache.coyote.AbstractProcessorLight.process(AbstractProcessorLight.java:66)
	at org.apache.coyote.AbstractProtocol$ConnectionHandler.process(AbstractProtocol.java:836)
	at org.apache.tomcat.util.net.NioEndpoint$SocketProcessor.doRun(NioEndpoint.java:1839)
	at org.apache.tomcat.util.net.SocketProcessorBase.run(SocketProcessorBase.java:49)
	at java.util.concurrent.ThreadPoolExecutor.runWorker(ThreadPoolExecutor.java:1149)
	at java.util.concurrent.ThreadPoolExecutor$Worker.run(ThreadPoolExecutor.java:624)
	at org.apache.tomcat.util.threads.TaskThread$WrappingRunnable.run(TaskThread.java:61)
	at java.lang.Thread.run(Thread.java:748)
2020-05-02 14:02:01,599 WARN [common.sender] - Error while trying to initialize RabbitMQ Sender Connecton
java.net.UnknownHostException: rabbitmq: Name or service not known
	at java.net.Inet4AddressImpl.lookupAllHostAddr(Native Method)
	at java.net.InetAddress$2.lookupAllHostAddr(InetAddress.java:929)
	at java.net.InetAddress.getAddressesFromNameService(InetAddress.java:1324)
	at java.net.InetAddress.getAllByName0(InetAddress.java:1277)
	at java.net.InetAddress.getAllByName(InetAddress.java:1193)
	at java.net.InetAddress.getAllByName(InetAddress.java:1127)
	at com.rabbitmq.client.DnsRecordIpAddressResolver.resolveIpAddresses(DnsRecordIpAddressResolver.java:83)
	at com.rabbitmq.client.DnsRecordIpAddressResolver.getAddresses(DnsRecordIpAddressResolver.java:73)
	at com.rabbitmq.client.impl.recovery.RecoveryAwareAMQConnectionFactory.newConnection(RecoveryAwareAMQConnectionFactory.java:56)
	at com.rabbitmq.client.impl.recovery.AutorecoveringConnection.init(AutorecoveringConnection.java:99)
	at com.rabbitmq.client.ConnectionFactory.newConnection(ConnectionFactory.java:900)
	at com.rabbitmq.client.ConnectionFactory.newConnection(ConnectionFactory.java:859)
	at com.rabbitmq.client.ConnectionFactory.newConnection(ConnectionFactory.java:817)
	at com.rabbitmq.client.ConnectionFactory.newConnection(ConnectionFactory.java:954)
	at org.geoserver.notification.common.sender.RabbitMQSender.initialize(RabbitMQSender.java:88)
	at org.geoserver.notification.common.sender.RabbitMQSender.send(RabbitMQSender.java:109)
	at org.geoserver.notification.common.DefaultNotificationProcessor.process(DefaultNotificationProcessor.java:39)
	at org.geoserver.notification.MessageProcessor$WorkerThread.run(MessageProcessor.java:80)
	at java.util.concurrent.ThreadPoolExecutor.runWorker(ThreadPoolExecutor.java:1149)
	at java.util.concurrent.ThreadPoolExecutor$Worker.run(ThreadPoolExecutor.java:624)
	at java.lang.Thread.run(Thread.java:748)
2020-05-02 14:02:01,608 WARN [common.sender] - Error while trying to initialize RabbitMQ Sender Connecton
java.net.UnknownHostException: rabbitmq
	at java.net.InetAddress.getAllByName0(InetAddress.java:1281)
	at java.net.InetAddress.getAllByName(InetAddress.java:1193)
	at java.net.InetAddress.getAllByName(InetAddress.java:1127)
	at com.rabbitmq.client.DnsRecordIpAddressResolver.resolveIpAddresses(DnsRecordIpAddressResolver.java:83)
	at com.rabbitmq.client.DnsRecordIpAddressResolver.getAddresses(DnsRecordIpAddressResolver.java:73)
	at com.rabbitmq.client.impl.recovery.RecoveryAwareAMQConnectionFactory.newConnection(RecoveryAwareAMQConnectionFactory.java:56)
	at com.rabbitmq.client.impl.recovery.AutorecoveringConnection.init(AutorecoveringConnection.java:99)
	at com.rabbitmq.client.ConnectionFactory.newConnection(ConnectionFactory.java:900)
	at com.rabbitmq.client.ConnectionFactory.newConnection(ConnectionFactory.java:859)
	at com.rabbitmq.client.ConnectionFactory.newConnection(ConnectionFactory.java:817)
	at com.rabbitmq.client.ConnectionFactory.newConnection(ConnectionFactory.java:954)
	at org.geoserver.notification.common.sender.RabbitMQSender.initialize(RabbitMQSender.java:88)
	at org.geoserver.notification.common.sender.RabbitMQSender.send(RabbitMQSender.java:109)
	at org.geoserver.notification.common.DefaultNotificationProcessor.process(DefaultNotificationProcessor.java:39)
	at org.geoserver.notification.MessageProcessor$WorkerThread.run(MessageProcessor.java:80)
	at java.util.concurrent.ThreadPoolExecutor.runWorker(ThreadPoolExecutor.java:1149)
	at java.util.concurrent.ThreadPoolExecutor$Worker.run(ThreadPoolExecutor.java:624)
	at java.lang.Thread.run(Thread.java:748)
2020-05-02 14:02:47,942 WARN [data.store] - Error obtaining new data store
java.io.IOException
	at org.geoserver.catalog.ResourcePool.getDataStore(ResourcePool.java:632)
	at org.geoserver.catalog.impl.DataStoreInfoImpl.getDataStore(DataStoreInfoImpl.java:33)
	at org.geoserver.web.data.store.DataAccessNewPage.onSaveDataStore(DataAccessNewPage.java:91)
	at org.geoserver.web.data.store.AbstractDataAccessPage$1.onSubmit(AbstractDataAccessPage.java:176)
	at org.apache.wicket.ajax.markup.html.form.AjaxSubmitLink$1.onSubmit(AjaxSubmitLink.java:111)
	at org.apache.wicket.ajax.form.AjaxFormSubmitBehavior$AjaxFormSubmitter.onSubmit(AjaxFormSubmitBehavior.java:215)
	at org.apache.wicket.markup.html.form.Form.delegateSubmit(Form.java:1309)
	at org.apache.wicket.markup.html.form.Form.process(Form.java:976)
	at org.apache.wicket.markup.html.form.Form.onFormSubmitted(Form.java:797)
	at org.apache.wicket.ajax.form.AjaxFormSubmitBehavior.onEvent(AjaxFormSubmitBehavior.java:171)
	at org.apache.wicket.ajax.AjaxEventBehavior.respond(AjaxEventBehavior.java:155)
	at org.apache.wicket.ajax.AbstractDefaultAjaxBehavior.onRequest(AbstractDefaultAjaxBehavior.java:601)
	at sun.reflect.NativeMethodAccessorImpl.invoke0(Native Method)
	at sun.reflect.NativeMethodAccessorImpl.invoke(NativeMethodAccessorImpl.java:62)
	at sun.reflect.DelegatingMethodAccessorImpl.invoke(DelegatingMethodAccessorImpl.java:43)
	at java.lang.reflect.Method.invoke(Method.java:498)
	at org.apache.wicket.RequestListenerInterface.internalInvoke(RequestListenerInterface.java:258)
	at org.apache.wicket.RequestListenerInterface.invoke(RequestListenerInterface.java:241)
	at org.apache.wicket.core.request.handler.ListenerInterfaceRequestHandler.invokeListener(ListenerInterfaceRequestHandler.java:248)
	at org.apache.wicket.core.request.handler.ListenerInterfaceRequestHandler.respond(ListenerInterfaceRequestHandler.java:234)
	at org.apache.wicket.request.cycle.RequestCycle$HandlerExecutor.respond(RequestCycle.java:895)
	at org.apache.wicket.request.RequestHandlerStack.execute(RequestHandlerStack.java:64)
	at org.apache.wicket.request.cycle.RequestCycle.execute(RequestCycle.java:265)
	at org.apache.wicket.request.cycle.RequestCycle.processRequest(RequestCycle.java:222)
	at org.apache.wicket.request.cycle.RequestCycle.processRequestAndDetach(RequestCycle.java:293)
	at org.apache.wicket.protocol.http.WicketFilter.processRequestCycle(WicketFilter.java:261)
	at org.apache.wicket.protocol.http.WicketFilter.processRequest(WicketFilter.java:203)
	at org.apache.wicket.protocol.http.WicketServlet.doPost(WicketServlet.java:159)
	at javax.servlet.http.HttpServlet.service(HttpServlet.java:660)
	at javax.servlet.http.HttpServlet.service(HttpServlet.java:741)
	at org.springframework.web.servlet.mvc.ServletWrappingController.handleRequestInternal(ServletWrappingController.java:165)
	at org.springframework.web.servlet.mvc.AbstractController.handleRequest(AbstractController.java:177)
	at org.springframework.web.servlet.mvc.SimpleControllerHandlerAdapter.handle(SimpleControllerHandlerAdapter.java:52)
	at org.springframework.web.servlet.DispatcherServlet.doDispatch(DispatcherServlet.java:1038)
	at org.springframework.web.servlet.DispatcherServlet.doService(DispatcherServlet.java:942)
	at org.springframework.web.servlet.FrameworkServlet.processRequest(FrameworkServlet.java:1005)
	at org.springframework.web.servlet.FrameworkServlet.doPost(FrameworkServlet.java:908)
	at javax.servlet.http.HttpServlet.service(HttpServlet.java:660)
	at org.springframework.web.servlet.FrameworkServlet.service(FrameworkServlet.java:882)
	at javax.servlet.http.HttpServlet.service(HttpServlet.java:741)
	at org.apache.catalina.core.ApplicationFilterChain.internalDoFilter(ApplicationFilterChain.java:231)
	at org.apache.catalina.core.ApplicationFilterChain.doFilter(ApplicationFilterChain.java:166)
	at org.apache.tomcat.websocket.server.WsFilter.doFilter(WsFilter.java:53)
	at org.apache.catalina.core.ApplicationFilterChain.internalDoFilter(ApplicationFilterChain.java:193)
	at org.apache.catalina.core.ApplicationFilterChain.doFilter(ApplicationFilterChain.java:166)
	at org.geoserver.filters.ThreadLocalsCleanupFilter.doFilter(ThreadLocalsCleanupFilter.java:26)
	at org.apache.catalina.core.ApplicationFilterChain.internalDoFilter(ApplicationFilterChain.java:193)
	at org.apache.catalina.core.ApplicationFilterChain.doFilter(ApplicationFilterChain.java:166)
	at org.geoserver.filters.SpringDelegatingFilter$Chain.doFilter(SpringDelegatingFilter.java:69)
	at org.geoserver.monitor.MonitorFilter.doFilter(MonitorFilter.java:83)
	at org.geoserver.filters.SpringDelegatingFilter$Chain.doFilter(SpringDelegatingFilter.java:66)
	at org.geoserver.wms.animate.AnimatorFilter.doFilter(AnimatorFilter.java:73)
	at org.geoserver.filters.SpringDelegatingFilter$Chain.doFilter(SpringDelegatingFilter.java:66)
	at org.geoserver.flow.controller.IpBlacklistFilter.doFilter(IpBlacklistFilter.java:89)
	at org.geoserver.filters.SpringDelegatingFilter$Chain.doFilter(SpringDelegatingFilter.java:66)
	at org.geoserver.filters.SpringDelegatingFilter.doFilter(SpringDelegatingFilter.java:41)
	at org.apache.catalina.core.ApplicationFilterChain.internalDoFilter(ApplicationFilterChain.java:193)
	at org.apache.catalina.core.ApplicationFilterChain.doFilter(ApplicationFilterChain.java:166)
	at org.geoserver.platform.AdvancedDispatchFilter.doFilter(AdvancedDispatchFilter.java:37)
	at org.apache.catalina.core.ApplicationFilterChain.internalDoFilter(ApplicationFilterChain.java:193)
	at org.apache.catalina.core.ApplicationFilterChain.doFilter(ApplicationFilterChain.java:166)
	at org.springframework.security.web.FilterChainProxy$VirtualFilterChain.doFilter(FilterChainProxy.java:320)
	at org.geoserver.security.filter.GeoServerCompositeFilter$NestedFilterChain.doFilter(GeoServerCompositeFilter.java:70)
	at org.springframework.security.web.access.intercept.FilterSecurityInterceptor.invoke(FilterSecurityInterceptor.java:127)
	at org.springframework.security.web.access.intercept.FilterSecurityInterceptor.doFilter(FilterSecurityInterceptor.java:91)
	at org.geoserver.security.filter.GeoServerCompositeFilter$NestedFilterChain.doFilter(GeoServerCompositeFilter.java:74)
	at org.geoserver.security.filter.GeoServerCompositeFilter.doFilter(GeoServerCompositeFilter.java:91)
	at org.springframework.security.web.FilterChainProxy$VirtualFilterChain.doFilter(FilterChainProxy.java:334)
	at org.geoserver.security.filter.GeoServerCompositeFilter$NestedFilterChain.doFilter(GeoServerCompositeFilter.java:70)
	at org.springframework.security.web.access.ExceptionTranslationFilter.doFilter(ExceptionTranslationFilter.java:119)
	at org.geoserver.security.filter.GeoServerCompositeFilter$NestedFilterChain.doFilter(GeoServerCompositeFilter.java:74)
	at org.geoserver.security.filter.GeoServerCompositeFilter.doFilter(GeoServerCompositeFilter.java:91)
	at org.springframework.security.web.FilterChainProxy$VirtualFilterChain.doFilter(FilterChainProxy.java:334)
	at org.geoserver.security.filter.GeoServerAnonymousAuthenticationFilter.doFilter(GeoServerAnonymousAuthenticationFilter.java:51)
	at org.springframework.security.web.FilterChainProxy$VirtualFilterChain.doFilter(FilterChainProxy.java:334)
	at org.geoserver.security.filter.GeoServerCompositeFilter$NestedFilterChain.doFilter(GeoServerCompositeFilter.java:70)
	at org.springframework.security.web.authentication.AbstractAuthenticationProcessingFilter.doFilter(AbstractAuthenticationProcessingFilter.java:200)
	at org.geoserver.security.filter.GeoServerCompositeFilter$NestedFilterChain.doFilter(GeoServerCompositeFilter.java:74)
	at org.geoserver.security.filter.GeoServerCompositeFilter.doFilter(GeoServerCompositeFilter.java:91)
	at org.geoserver.security.filter.GeoServerUserNamePasswordAuthenticationFilter.doFilter(GeoServerUserNamePasswordAuthenticationFilter.java:112)
	at org.springframework.security.web.FilterChainProxy$VirtualFilterChain.doFilter(FilterChainProxy.java:334)
	at org.geoserver.security.filter.GeoServerCompositeFilter$NestedFilterChain.doFilter(GeoServerCompositeFilter.java:70)
	at org.springframework.security.web.authentication.rememberme.RememberMeAuthenticationFilter.doFilter(RememberMeAuthenticationFilter.java:158)
	at org.geoserver.security.filter.GeoServerCompositeFilter$NestedFilterChain.doFilter(GeoServerCompositeFilter.java:74)
	at org.geoserver.security.filter.GeoServerCompositeFilter.doFilter(GeoServerCompositeFilter.java:91)
	at org.springframework.security.web.FilterChainProxy$VirtualFilterChain.doFilter(FilterChainProxy.java:334)
	at org.geoserver.security.oauth2.GeoServerOAuthAuthenticationFilter.doFilter(GeoServerOAuthAuthenticationFilter.java:173)
	at org.springframework.security.web.FilterChainProxy$VirtualFilterChain.doFilter(FilterChainProxy.java:334)
	at org.geoserver.security.filter.GeoServerCompositeFilter$NestedFilterChain.doFilter(GeoServerCompositeFilter.java:70)
	at org.springframework.security.web.context.SecurityContextPersistenceFilter.doFilter(SecurityContextPersistenceFilter.java:105)
	at org.geoserver.security.filter.GeoServerSecurityContextPersistenceFilter$1.doFilter(GeoServerSecurityContextPersistenceFilter.java:52)
	at org.geoserver.security.filter.GeoServerCompositeFilter$NestedFilterChain.doFilter(GeoServerCompositeFilter.java:74)
	at org.geoserver.security.filter.GeoServerCompositeFilter.doFilter(GeoServerCompositeFilter.java:91)
	at org.springframework.security.web.FilterChainProxy$VirtualFilterChain.doFilter(FilterChainProxy.java:334)
	at org.springframework.security.web.FilterChainProxy.doFilterInternal(FilterChainProxy.java:215)
	at org.springframework.security.web.FilterChainProxy.doFilter(FilterChainProxy.java:178)
	at org.geoserver.security.GeoServerSecurityFilterChainProxy.doFilter(GeoServerSecurityFilterChainProxy.java:142)
	at org.springframework.web.filter.DelegatingFilterProxy.invokeDelegate(DelegatingFilterProxy.java:357)
	at org.springframework.web.filter.DelegatingFilterProxy.doFilter(DelegatingFilterProxy.java:270)
	at org.apache.catalina.core.ApplicationFilterChain.internalDoFilter(ApplicationFilterChain.java:193)
	at org.apache.catalina.core.ApplicationFilterChain.doFilter(ApplicationFilterChain.java:166)
	at org.geoserver.filters.LoggingFilter.doFilter(LoggingFilter.java:90)
	at org.apache.catalina.core.ApplicationFilterChain.internalDoFilter(ApplicationFilterChain.java:193)
	at org.apache.catalina.core.ApplicationFilterChain.doFilter(ApplicationFilterChain.java:166)
	at org.geoserver.filters.GZIPFilter.doFilter(GZIPFilter.java:42)
	at org.apache.catalina.core.ApplicationFilterChain.internalDoFilter(ApplicationFilterChain.java:193)
	at org.apache.catalina.core.ApplicationFilterChain.doFilter(ApplicationFilterChain.java:166)
	at org.geoserver.filters.SessionDebugFilter.doFilter(SessionDebugFilter.java:46)
	at org.apache.catalina.core.ApplicationFilterChain.internalDoFilter(ApplicationFilterChain.java:193)
	at org.apache.catalina.core.ApplicationFilterChain.doFilter(ApplicationFilterChain.java:166)
	at org.geoserver.filters.FlushSafeFilter.doFilter(FlushSafeFilter.java:42)
	at org.apache.catalina.core.ApplicationFilterChain.internalDoFilter(ApplicationFilterChain.java:193)
	at org.apache.catalina.core.ApplicationFilterChain.doFilter(ApplicationFilterChain.java:166)
	at org.springframework.web.filter.CharacterEncodingFilter.doFilterInternal(CharacterEncodingFilter.java:200)
	at org.springframework.web.filter.OncePerRequestFilter.doFilter(OncePerRequestFilter.java:107)
	at org.apache.catalina.core.ApplicationFilterChain.internalDoFilter(ApplicationFilterChain.java:193)
	at org.apache.catalina.core.ApplicationFilterChain.doFilter(ApplicationFilterChain.java:166)
	at org.apache.catalina.core.StandardWrapperValve.invoke(StandardWrapperValve.java:200)
	at org.apache.catalina.core.StandardContextValve.invoke(StandardContextValve.java:96)
	at org.apache.catalina.authenticator.AuthenticatorBase.invoke(AuthenticatorBase.java:490)
	at org.apache.catalina.core.StandardHostValve.invoke(StandardHostValve.java:139)
	at org.apache.catalina.valves.ErrorReportValve.invoke(ErrorReportValve.java:92)
	at org.apache.catalina.valves.AbstractAccessLogValve.invoke(AbstractAccessLogValve.java:678)
	at org.apache.catalina.core.StandardEngineValve.invoke(StandardEngineValve.java:74)
	at org.apache.catalina.connector.CoyoteAdapter.service(CoyoteAdapter.java:343)
	at org.apache.coyote.http11.Http11Processor.service(Http11Processor.java:408)
	at org.apache.coyote.AbstractProcessorLight.process(AbstractProcessorLight.java:66)
	at org.apache.coyote.AbstractProtocol$ConnectionHandler.process(AbstractProtocol.java:836)
	at org.apache.tomcat.util.net.NioEndpoint$SocketProcessor.doRun(NioEndpoint.java:1839)
	at org.apache.tomcat.util.net.SocketProcessorBase.run(SocketProcessorBase.java:49)
	at java.util.concurrent.ThreadPoolExecutor.runWorker(ThreadPoolExecutor.java:1149)
	at java.util.concurrent.ThreadPoolExecutor$Worker.run(ThreadPoolExecutor.java:624)
	at org.apache.tomcat.util.threads.TaskThread$WrappingRunnable.run(TaskThread.java:61)
	at java.lang.Thread.run(Thread.java:748)
Caused by: java.lang.RuntimeException: Unable to obtain connection: Cannot create PoolableConnectionFactory (Connection is broken [90067-119])
	at org.geotools.jdbc.JDBCDataStore.createConnection(JDBCDataStore.java:2186)
	at org.geotools.jdbc.JDBCDataStore.createTypeNames(JDBCDataStore.java:978)
	at org.geotools.data.store.ContentDataStore.getTypeNames(ContentDataStore.java:259)
	at org.vfny.geoserver.util.DataStoreUtils.getDataAccess(DataStoreUtils.java:88)
	at org.geoserver.catalog.ResourcePool.getDataStore(ResourcePool.java:591)
	... 133 more
Caused by: org.apache.commons.dbcp.SQLNestedException: Cannot create PoolableConnectionFactory (Connection is broken [90067-119])
	at org.apache.commons.dbcp.BasicDataSource.createPoolableConnectionFactory(BasicDataSource.java:1549)
	at org.apache.commons.dbcp.BasicDataSource.createDataSource(BasicDataSource.java:1388)
	at org.apache.commons.dbcp.BasicDataSource.getConnection(BasicDataSource.java:1044)
	at org.geotools.data.jdbc.datasource.AbstractManageableDataSource.getConnection(AbstractManageableDataSource.java:41)
	at org.geotools.jdbc.JDBCDataStore.createConnection(JDBCDataStore.java:2170)
	... 137 more
Caused by: org.h2.jdbc.JdbcSQLException: Connection is broken [90067-119]
	at org.h2.message.Message.getSQLException(Message.java:106)
	at org.h2.message.Message.getSQLException(Message.java:117)
	at org.h2.message.Message.getSQLException(Message.java:76)
	at org.h2.message.Message.getSQLException(Message.java:152)
	at org.h2.engine.SessionRemote.checkClosed(SessionRemote.java:464)
	at org.h2.engine.SessionRemote.connectServer(SessionRemote.java:343)
	at org.h2.engine.SessionRemote.connectEmbeddedOrServer(SessionRemote.java:229)
	at org.h2.engine.SessionRemote.createSession(SessionRemote.java:223)
	at org.h2.jdbc.JdbcConnection.<init>(JdbcConnection.java:110)
	at org.h2.jdbc.JdbcConnection.<init>(JdbcConnection.java:94)
	at org.h2.Driver.connect(Driver.java:58)
	at org.apache.commons.dbcp.DriverConnectionFactory.createConnection(DriverConnectionFactory.java:38)
	at org.apache.commons.dbcp.PoolableConnectionFactory.makeObject(PoolableConnectionFactory.java:582)
	at org.apache.commons.dbcp.BasicDataSource.validateConnectionFactory(BasicDataSource.java:1556)
	at org.apache.commons.dbcp.BasicDataSource.createPoolableConnectionFactory(BasicDataSource.java:1545)
	... 141 more
2020-05-02 14:03:09,855 WARN [wicket.Localizer] - Tried to retrieve a localized string for a component that has not yet been added to the page. This can sometimes lead to an invalid or no localized resource returned. Make sure you are not calling Component#getString() inside your Component's constructor. Offending component: [ShapefileDirectoryEditPanel [Component id = parametersPanel]]
2020-05-02 14:03:09,857 WARN [wicket.Localizer] - Tried to retrieve a localized string for a component that has not yet been added to the page. This can sometimes lead to an invalid or no localized resource returned. Make sure you are not calling Component#getString() inside your Component's constructor. Offending component: [ShapefileDirectoryEditPanel [Component id = parametersPanel]]
2020-05-02 14:14:06,327 WARN [common.sender] - Error while trying to initialize RabbitMQ Sender Connecton
java.net.UnknownHostException: rabbitmq: Name or service not known
	at java.net.Inet4AddressImpl.lookupAllHostAddr(Native Method)
	at java.net.InetAddress$2.lookupAllHostAddr(InetAddress.java:929)
	at java.net.InetAddress.getAddressesFromNameService(InetAddress.java:1324)
	at java.net.InetAddress.getAllByName0(InetAddress.java:1277)
	at java.net.InetAddress.getAllByName(InetAddress.java:1193)
	at java.net.InetAddress.getAllByName(InetAddress.java:1127)
	at com.rabbitmq.client.DnsRecordIpAddressResolver.resolveIpAddresses(DnsRecordIpAddressResolver.java:83)
	at com.rabbitmq.client.DnsRecordIpAddressResolver.getAddresses(DnsRecordIpAddressResolver.java:73)
	at com.rabbitmq.client.impl.recovery.RecoveryAwareAMQConnectionFactory.newConnection(RecoveryAwareAMQConnectionFactory.java:56)
	at com.rabbitmq.client.impl.recovery.AutorecoveringConnection.init(AutorecoveringConnection.java:99)
	at com.rabbitmq.client.ConnectionFactory.newConnection(ConnectionFactory.java:900)
	at com.rabbitmq.client.ConnectionFactory.newConnection(ConnectionFactory.java:859)
	at com.rabbitmq.client.ConnectionFactory.newConnection(ConnectionFactory.java:817)
	at com.rabbitmq.client.ConnectionFactory.newConnection(ConnectionFactory.java:954)
	at org.geoserver.notification.common.sender.RabbitMQSender.initialize(RabbitMQSender.java:88)
	at org.geoserver.notification.common.sender.RabbitMQSender.send(RabbitMQSender.java:109)
	at org.geoserver.notification.common.DefaultNotificationProcessor.process(DefaultNotificationProcessor.java:39)
	at org.geoserver.notification.MessageProcessor$WorkerThread.run(MessageProcessor.java:80)
	at java.util.concurrent.ThreadPoolExecutor.runWorker(ThreadPoolExecutor.java:1149)
	at java.util.concurrent.ThreadPoolExecutor$Worker.run(ThreadPoolExecutor.java:624)
	at java.lang.Thread.run(Thread.java:748)
2020-05-02 16:14:52,473 WARN [geoserver.config] - Error reading resource URL [jar:file:/usr/local/tomcat/webapps/geoserver/WEB-INF/lib/gs-geofence-server-2.15.1.jar!/geofence-default-override.properties]
java.io.FileNotFoundException: URL [jar:file:/usr/local/tomcat/webapps/geoserver/WEB-INF/lib/gs-geofence-server-2.15.1.jar!/geofence-default-override.properties] cannot be resolved to absolute file path because it does not reside in the file system: jar:file:/usr/local/tomcat/webapps/geoserver/WEB-INF/lib/gs-geofence-server-2.15.1.jar!/geofence-default-override.properties
	at org.springframework.util.ResourceUtils.getFile(ResourceUtils.java:217)
	at org.springframework.core.io.AbstractFileResolvingResource.getFile(AbstractFileResolvingResource.java:154)
	at org.springframework.core.io.UrlResource.getFile(UrlResource.java:227)
	at org.geoserver.config.SpringResourceAdaptor.relative(SpringResourceAdaptor.java:35)
	at org.geoserver.config.GeoServerPropertyOverrideConfigurer.setLocations(GeoServerPropertyOverrideConfigurer.java:49)
	at sun.reflect.NativeMethodAccessorImpl.invoke0(Native Method)
	at sun.reflect.NativeMethodAccessorImpl.invoke(NativeMethodAccessorImpl.java:62)
	at sun.reflect.DelegatingMethodAccessorImpl.invoke(DelegatingMethodAccessorImpl.java:43)
	at java.lang.reflect.Method.invoke(Method.java:498)
	at org.springframework.beans.BeanWrapperImpl$BeanPropertyHandler.setValue(BeanWrapperImpl.java:332)
	at org.springframework.beans.AbstractNestablePropertyAccessor.processLocalProperty(AbstractNestablePropertyAccessor.java:458)
	at org.springframework.beans.AbstractNestablePropertyAccessor.setPropertyValue(AbstractNestablePropertyAccessor.java:278)
	at org.springframework.beans.AbstractNestablePropertyAccessor.setPropertyValue(AbstractNestablePropertyAccessor.java:266)
	at org.springframework.beans.AbstractPropertyAccessor.setPropertyValues(AbstractPropertyAccessor.java:97)
	at org.springframework.beans.AbstractPropertyAccessor.setPropertyValues(AbstractPropertyAccessor.java:77)
	at org.springframework.beans.factory.support.AbstractAutowireCapableBeanFactory.applyPropertyValues(AbstractAutowireCapableBeanFactory.java:1698)
	at org.springframework.beans.factory.support.AbstractAutowireCapableBeanFactory.populateBean(AbstractAutowireCapableBeanFactory.java:1417)
	at org.springframework.beans.factory.support.AbstractAutowireCapableBeanFactory.doCreateBean(AbstractAutowireCapableBeanFactory.java:592)
	at org.springframework.beans.factory.support.AbstractAutowireCapableBeanFactory.createBean(AbstractAutowireCapableBeanFactory.java:515)
	at org.springframework.beans.factory.support.AbstractBeanFactory.lambda$doGetBean$0(AbstractBeanFactory.java:320)
	at org.springframework.beans.factory.support.DefaultSingletonBeanRegistry.getSingleton(DefaultSingletonBeanRegistry.java:222)
	at org.springframework.beans.factory.support.AbstractBeanFactory.doGetBean(AbstractBeanFactory.java:318)
	at org.springframework.beans.factory.support.AbstractBeanFactory.getBean(AbstractBeanFactory.java:204)
	at org.springframework.context.support.PostProcessorRegistrationDelegate.invokeBeanFactoryPostProcessors(PostProcessorRegistrationDelegate.java:154)
	at org.springframework.context.support.AbstractApplicationContext.invokeBeanFactoryPostProcessors(AbstractApplicationContext.java:705)
	at org.springframework.context.support.AbstractApplicationContext.refresh(AbstractApplicationContext.java:531)
	at org.springframework.web.context.ContextLoader.configureAndRefreshWebApplicationContext(ContextLoader.java:400)
	at org.springframework.web.context.ContextLoader.initWebApplicationContext(ContextLoader.java:291)
	at org.springframework.web.context.ContextLoaderListener.contextInitialized(ContextLoaderListener.java:103)
	at org.geoserver.platform.GeoServerContextLoaderListener.contextInitialized(GeoServerContextLoaderListener.java:22)
	at org.apache.catalina.core.StandardContext.listenerStart(StandardContext.java:4682)
	at org.apache.catalina.core.StandardContext.startInternal(StandardContext.java:5150)
	at org.apache.catalina.util.LifecycleBase.start(LifecycleBase.java:183)
	at org.apache.catalina.core.ContainerBase.addChildInternal(ContainerBase.java:713)
	at org.apache.catalina.core.ContainerBase.addChild(ContainerBase.java:690)
	at org.apache.catalina.core.StandardHost.addChild(StandardHost.java:705)
	at org.apache.catalina.startup.HostConfig.deployDirectory(HostConfig.java:1133)
	at org.apache.catalina.startup.HostConfig$DeployDirectory.run(HostConfig.java:1867)
	at java.util.concurrent.Executors$RunnableAdapter.call(Executors.java:511)
	at java.util.concurrent.FutureTask.run(FutureTask.java:266)
	at org.apache.tomcat.util.threads.InlineExecutorService.execute(InlineExecutorService.java:75)
	at java.util.concurrent.AbstractExecutorService.submit(AbstractExecutorService.java:112)
	at org.apache.catalina.startup.HostConfig.deployDirectories(HostConfig.java:1045)
	at org.apache.catalina.startup.HostConfig.deployApps(HostConfig.java:429)
	at org.apache.catalina.startup.HostConfig.start(HostConfig.java:1576)
	at org.apache.catalina.startup.HostConfig.lifecycleEvent(HostConfig.java:309)
	at org.apache.catalina.util.LifecycleBase.fireLifecycleEvent(LifecycleBase.java:123)
	at org.apache.catalina.util.LifecycleBase.setStateInternal(LifecycleBase.java:423)
	at org.apache.catalina.util.LifecycleBase.setState(LifecycleBase.java:366)
	at org.apache.catalina.core.ContainerBase.startInternal(ContainerBase.java:929)
	at org.apache.catalina.core.StandardHost.startInternal(StandardHost.java:841)
	at org.apache.catalina.util.LifecycleBase.start(LifecycleBase.java:183)
	at org.apache.catalina.core.ContainerBase$StartChild.call(ContainerBase.java:1377)
	at org.apache.catalina.core.ContainerBase$StartChild.call(ContainerBase.java:1367)
	at java.util.concurrent.FutureTask.run(FutureTask.java:266)
	at org.apache.tomcat.util.threads.InlineExecutorService.execute(InlineExecutorService.java:75)
	at java.util.concurrent.AbstractExecutorService.submit(AbstractExecutorService.java:134)
	at org.apache.catalina.core.ContainerBase.startInternal(ContainerBase.java:902)
	at org.apache.catalina.core.StandardEngine.startInternal(StandardEngine.java:262)
	at org.apache.catalina.util.LifecycleBase.start(LifecycleBase.java:183)
	at org.apache.catalina.core.StandardService.startInternal(StandardService.java:421)
	at org.apache.catalina.util.LifecycleBase.start(LifecycleBase.java:183)
	at org.apache.catalina.core.StandardServer.startInternal(StandardServer.java:932)
	at org.apache.catalina.util.LifecycleBase.start(LifecycleBase.java:183)
	at org.apache.catalina.startup.Catalina.start(Catalina.java:633)
	at sun.reflect.NativeMethodAccessorImpl.invoke0(Native Method)
	at sun.reflect.NativeMethodAccessorImpl.invoke(NativeMethodAccessorImpl.java:62)
	at sun.reflect.DelegatingMethodAccessorImpl.invoke(DelegatingMethodAccessorImpl.java:43)
	at java.lang.reflect.Method.invoke(Method.java:498)
	at org.apache.catalina.startup.Bootstrap.start(Bootstrap.java:344)
	at org.apache.catalina.startup.Bootstrap.main(Bootstrap.java:475)
2020-05-02 16:14:53,096 WARN [geoserver.monitor] - monitoring storage memory not found, falling back to 'memory'
2020-05-02 16:14:56,690 WARN [ejb.Ejb3Configuration] - hibernate.connection.autocommit = false break the EJB3 specification
2020-05-02 16:14:56,777 WARN [dialect.H2Dialect] - The 1.1.119 version of H2 implements temporary table creation such that it commits current transaction; multi-table, bulk hql/jpaql will not work properly
2020-05-02 16:14:57,384 WARN [dialect.H2Dialect] - The 1.1.119 version of H2 implements temporary table creation such that it commits current transaction; multi-table, bulk hql/jpaql will not work properly
2020-05-02 16:14:57,813 WARN [cache.EhCacheProvider] - Could not find configuration [RuleLimits]; using defaults.
2020-05-02 16:14:57,991 WARN [cache.EhCacheProvider] - Could not find configuration [Rule]; using defaults.
2020-05-02 16:14:58,016 WARN [cache.EhCacheProvider] - Could not find configuration [usergroup]; using defaults.
2020-05-02 16:14:58,032 WARN [cache.EhCacheProvider] - Could not find configuration [GSUser]; using defaults.
2020-05-02 16:14:58,080 WARN [cache.EhCacheProvider] - Could not find configuration [GFUser]; using defaults.
2020-05-02 16:14:58,127 WARN [cache.EhCacheProvider] - Could not find configuration [gsinstance]; using defaults.
2020-05-02 16:14:58,180 WARN [cache.EhCacheProvider] - Could not find configuration [LayerDetails]; using defaults.
2020-05-02 16:15:01,022 WARN [org.geoserver] - Ignoring store directory 'tmp'
2020-05-02 16:15:04,625 WARN [platform.resource] - There is code leaving resource input streams open, locks around them might not be cleared! Add -Dgs.lock.trace=true to your JVM options to get a full stack trace of the code that acquired the input stream
2020-05-02 16:15:26,053 WARN [auth.GeoFenceAuthenticationProvider] - INIT FROM CONFIG
